<?xml version="1.0" encoding="UTF-8"?>
<!-- Generated by org.testng.reporters.JUnitReportReporter -->
<testsuite hostname="DESKTOP-Q4UE5A6" failures="0" tests="2" name="Practice.DataProviderPractice" time="0.031" errors="0" timestamp="2023-11-30T12:41:09 IST" skipped="0">
  <testcase classname="Practice.DataProviderPractice" name="readData" time="0.015"/>
  <testcase classname="Practice.DataProviderPractice" name="readData" time="0.016"/>
</testsuite> <!-- Practice.DataProviderPractice -->
