<?xml version="1.0" encoding="UTF-8"?>
<!-- Generated by org.testng.reporters.JUnitReportReporter -->
<testsuite hostname="DESKTOP-Q4UE5A6" failures="0" tests="3" name="Practice.TestNGPractice" time="0.053" errors="0" timestamp="2023-11-27T12:52:00 IST" skipped="0">
  <testcase classname="Practice.TestNGPractice" name="sample" time="0.033"/>
  <testcase classname="Practice.TestNGPractice" name="sample1" time="0.015"/>
  <testcase classname="Practice.TestNGPractice" name="sample2" time="0.005"/>
</testsuite> <!-- Practice.TestNGPractice -->
