<?xml version="1.0" encoding="UTF-8"?>
<!-- Generated by org.testng.reporters.JUnitReportReporter -->
<testsuite hostname="DESKTOP-Q4UE5A6" failures="0" tests="1" name="Practice.CreateCampaignWithProduct" time="34.240" errors="0" timestamp="2023-12-05T12:35:57 IST" skipped="0">
  <testcase classname="Practice.CreateCampaignWithProduct" name="run1" time="34.240"/>
</testsuite> <!-- Practice.CreateCampaignWithProduct -->
