<?xml version="1.0" encoding="UTF-8"?>
<!-- Generated by org.testng.reporters.JUnitReportReporter -->
<testsuite hostname="DESKTOP-Q4UE5A6" failures="0" tests="1" name="Practice.CreateOrganization" time="23.933" errors="0" timestamp="2023-12-01T11:41:27 IST" skipped="0">
  <testcase classname="Practice.CreateOrganization" name="run" time="23.933"/>
</testsuite> <!-- Practice.CreateOrganization -->
