<?xml version="1.0" encoding="UTF-8"?>
<!-- Generated by org.testng.reporters.JUnitReportReporter -->
<testsuite hostname="DESKTOP-Q4UE5A6" failures="0" tests="2" name="Practice.DataProviderEx" time="48.739" errors="0" timestamp="2023-12-01T11:18:58 IST" skipped="0">
  <testcase classname="Practice.DataProviderEx" name="m1" time="23.861"/>
  <testcase classname="Practice.DataProviderEx" name="m1" time="24.878"/>
</testsuite> <!-- Practice.DataProviderEx -->
