<?xml version="1.0" encoding="UTF-8"?>
<!-- Generated by org.testng.reporters.JUnitReportReporter -->
<testsuite hostname="DESKTOP-Q4UE5A6" failures="0" tests="1" name="Practice.Scenario5WithDDT" time="62.922" errors="0" timestamp="2023-11-28T11:51:21 IST" skipped="0">
  <testcase classname="Practice.Scenario5WithDDT" name="scenario5WithDDTTest" time="62.922"/>
</testsuite> <!-- Practice.Scenario5WithDDT -->
